2022-09-05 16:29:44 [scrapy.utils.log] INFO: Scrapy 2.6.2 started (bot: scrapy_log_43)
2022-09-05 16:29:44 [scrapy.utils.log] INFO: Versions: lxml 4.9.1.0, libxml2 2.9.12, cssselect 1.1.0, parsel 1.6.0, w3lib 2.0.1, Twisted 22.4.0, Python 3.8.5 (tags/v3.8.5:580fbb0, Jul 20 2020, 15:57:54) [MSC v.1924 64 bit (AMD64)], pyOpenSSL 22.0.0 (OpenSSL 3.0.5 5 Jul 2022), cryptography 37.0.4, Platform Windows-10-10.0.19041-SP0
2022-09-05 16:29:44 [scrapy.crawler] INFO: Overridden settings:
{'BOT_NAME': 'scrapy_log_43',
 'LOG_FILE': 'logDemo.log',
 'NEWSPIDER_MODULE': 'scrapy_log_43.spiders',
 'SPIDER_MODULES': ['scrapy_log_43.spiders']}
2022-09-05 16:29:44 [scrapy.utils.log] DEBUG: Using reactor: twisted.internet.selectreactor.SelectReactor
2022-09-05 16:29:44 [scrapy.extensions.telnet] INFO: Telnet Password: a3fe1e2b0ccac427
2022-09-05 16:29:44 [scrapy.middleware] INFO: Enabled extensions:
['scrapy.extensions.corestats.CoreStats',
 'scrapy.extensions.telnet.TelnetConsole',
 'scrapy.extensions.logstats.LogStats']
2022-09-05 16:29:44 [scrapy.middleware] INFO: Enabled downloader middlewares:
['scrapy.downloadermiddlewares.httpauth.HttpAuthMiddleware',
 'scrapy.downloadermiddlewares.downloadtimeout.DownloadTimeoutMiddleware',
 'scrapy.downloadermiddlewares.defaultheaders.DefaultHeadersMiddleware',
 'scrapy.downloadermiddlewares.useragent.UserAgentMiddleware',
 'scrapy.downloadermiddlewares.retry.RetryMiddleware',
 'scrapy.downloadermiddlewares.redirect.MetaRefreshMiddleware',
 'scrapy.downloadermiddlewares.httpcompression.HttpCompressionMiddleware',
 'scrapy.downloadermiddlewares.redirect.RedirectMiddleware',
 'scrapy.downloadermiddlewares.cookies.CookiesMiddleware',
 'scrapy.downloadermiddlewares.httpproxy.HttpProxyMiddleware',
 'scrapy.downloadermiddlewares.stats.DownloaderStats']
2022-09-05 16:29:44 [scrapy.middleware] INFO: Enabled spider middlewares:
['scrapy.spidermiddlewares.httperror.HttpErrorMiddleware',
 'scrapy.spidermiddlewares.offsite.OffsiteMiddleware',
 'scrapy.spidermiddlewares.referer.RefererMiddleware',
 'scrapy.spidermiddlewares.urllength.UrlLengthMiddleware',
 'scrapy.spidermiddlewares.depth.DepthMiddleware']
2022-09-05 16:29:44 [scrapy.middleware] INFO: Enabled item pipelines:
[]
2022-09-05 16:29:44 [scrapy.core.engine] INFO: Spider opened
2022-09-05 16:29:44 [scrapy.extensions.logstats] INFO: Crawled 0 pages (at 0 pages/min), scraped 0 items (at 0 items/min)
2022-09-05 16:29:44 [scrapy.extensions.telnet] INFO: Telnet console listening on 127.0.0.1:6023
2022-09-05 16:29:49 [filelock] DEBUG: Attempting to acquire lock 2747811386656 on d:\xytfofapp\python3.8.5\lib\site-packages\tldextract\.suffix_cache/publicsuffix.org-tlds\de84b5ca2167d4c83e38fb162f2e8738.tldextract.json.lock
2022-09-05 16:29:49 [filelock] DEBUG: Lock 2747811386656 acquired on d:\xytfofapp\python3.8.5\lib\site-packages\tldextract\.suffix_cache/publicsuffix.org-tlds\de84b5ca2167d4c83e38fb162f2e8738.tldextract.json.lock
2022-09-05 16:29:49 [filelock] DEBUG: Attempting to release lock 2747811386656 on d:\xytfofapp\python3.8.5\lib\site-packages\tldextract\.suffix_cache/publicsuffix.org-tlds\de84b5ca2167d4c83e38fb162f2e8738.tldextract.json.lock
2022-09-05 16:29:49 [filelock] DEBUG: Lock 2747811386656 released on d:\xytfofapp\python3.8.5\lib\site-packages\tldextract\.suffix_cache/publicsuffix.org-tlds\de84b5ca2167d4c83e38fb162f2e8738.tldextract.json.lock
2022-09-05 16:29:49 [scrapy.core.engine] DEBUG: Crawled (200) <GET http://www.baidu.com/> (referer: None)
2022-09-05 16:29:49 [scrapy.core.engine] INFO: Closing spider (finished)
2022-09-05 16:29:49 [scrapy.statscollectors] INFO: Dumping Scrapy stats:
{'downloader/request_bytes': 213,
 'downloader/request_count': 1,
 'downloader/request_method_count/GET': 1,
 'downloader/response_bytes': 1476,
 'downloader/response_count': 1,
 'downloader/response_status_count/200': 1,
 'elapsed_time_seconds': 4.739454,
 'finish_reason': 'finished',
 'finish_time': datetime.datetime(2022, 9, 5, 8, 29, 49, 517486),
 'httpcompression/response_bytes': 2381,
 'httpcompression/response_count': 1,
 'log_count/DEBUG': 6,
 'log_count/INFO': 10,
 'response_received_count': 1,
 'scheduler/dequeued': 1,
 'scheduler/dequeued/memory': 1,
 'scheduler/enqueued': 1,
 'scheduler/enqueued/memory': 1,
 'start_time': datetime.datetime(2022, 9, 5, 8, 29, 44, 778032)}
2022-09-05 16:29:49 [scrapy.core.engine] INFO: Spider closed (finished)
